<?xml version="1.0" encoding="UTF-8" ?>

<testsuite failures="0" time="0.036" errors="0" skipped="0" tests="2" name="BasicTest">
  <testcase classname="BasicTest" name="testTags" time="0.026">
      </testcase>
  <testcase classname="BasicTest" name="createAndRetrieveContact" time="0.01">
      </testcase>
</testsuite>
